<?xml version="1.0" encoding="UTF-8"?>
<!-- Generated by org.testng.reporters.JUnitXMLReporter -->
<testsuite ignored="0" hostname="UA-LS-0088" failures="1" tests="1" name="Command line test" time="0.062" errors="0" timestamp="21 Mar 2019 11:12:48 GMT">
  <testcase classname="TestCurrencies" name="testCurrencies" time="0.004">
    <failure type="java.nio.file.NoSuchFileException" message="src\main\resources\null.json">
      <![CDATA[java.nio.file.NoSuchFileException: src\main\resources\null.json
	at java.base/sun.nio.fs.WindowsException.translateToIOException(WindowsException.java:85)
	at java.base/sun.nio.fs.WindowsException.rethrowAsIOException(WindowsException.java:103)
	at java.base/sun.nio.fs.WindowsException.rethrowAsIOException(WindowsException.java:108)
	at java.base/sun.nio.fs.WindowsFileSystemProvider.newByteChannel(WindowsFileSystemProvider.java:231)
	at java.base/java.nio.file.Files.newByteChannel(Files.java:370)
	at java.base/java.nio.file.Files.newByteChannel(Files.java:421)
	at java.base/java.nio.file.Files.readAllBytes(Files.java:3205)
	at GetDataFromServer.GetLocalJson(GetDataFromServer.java:60)
	at TestCurrencies.testCurrencies(TestCurrencies.java:20)
... Removed 34 stack frames]]>
    </failure>
  </testcase> <!-- testCurrencies -->
</testsuite> <!-- Command line test -->
