<?xml version="1.0" encoding="UTF-8" ?>
<testsuite tests="1" failures="1" name="TestCurrencies" time="0.016" errors="0" skipped="0">
  <properties>
[...]
</properties>
  <testcase classname="TestCurrencies" name="testCurrencies" time="0.016">
    <failure message="src\main\resources\null.json" type="java.nio.file.NoSuchFileException">java.nio.file.NoSuchFileException: src\main\resources\null.json
	at java.base/sun.nio.fs.WindowsException.translateToIOException(WindowsException.java:85)
	at java.base/sun.nio.fs.WindowsException.rethrowAsIOException(WindowsException.java:103)
	at java.base/sun.nio.fs.WindowsException.rethrowAsIOException(WindowsException.java:108)
	at java.base/sun.nio.fs.WindowsFileSystemProvider.newByteChannel(WindowsFileSystemProvider.java:231)
	at java.base/java.nio.file.Files.newByteChannel(Files.java:370)
	at java.base/java.nio.file.Files.newByteChannel(Files.java:421)
	at java.base/java.nio.file.Files.readAllBytes(Files.java:3205)
	at GetDataFromServer.GetLocalJson(GetDataFromServer.java:60)
	at TestCurrencies.testCurrencies(TestCurrencies.java:20)
</failure>
    <system-out>Configuring TestNG with: org.apache.maven.surefire.testng.conf.TestNG652Configurator@5ce81285
=============================================================================================================================================
=============================================================================================================================================
</system-out>
    <system-err>Start test for null
</system-err>
  </testcase>
</testsuite>